<?xml version="1.0" encoding="UTF-8"?>
<testsuite xmlns:xsi="http://www.w3.org/2001/XMLSchema-instance" xsi:noNamespaceSchemaLocation="https://maven.apache.org/surefire/maven-surefire-plugin/xsd/surefire-test-report.xsd" name="TestSuite" time="1,194.077" tests="12" errors="0" skipped="4" failures="7">
  <properties>
[...]
</properties>
  <testcase name="loginTest" classname="com.inetbanking.testCases.TC_LoginTest_001" time="2.48">
    <failure message="expected [true] but found [false]" type="java.lang.AssertionError">java.lang.AssertionError: expected [true] but found [false]
	at com.inetbanking.testCases.TC_LoginTest_001.loginTest(TC_LoginTest_001.java:32)
</failure>
    <system-out><![CDATA[ScreenShot Taken
]]></system-out>
    <system-err><![CDATA[Starting ChromeDriver 89.0.4389.23 (61b08ee2c50024bab004e48d2b1b083cdbdac579-refs/branch-heads/4389@{#294}) on port 6975
Only local connections are allowed.
Please see https://chromedriver.chromium.org/security-considerations for suggestions on keeping ChromeDriver safe.
ChromeDriver was started successfully.
Apr 18, 2021 1:21:59 PM org.openqa.selenium.remote.ProtocolHandshake createSession
INFO: Detected dialect: W3C
log4j:WARN No appenders could be found for logger (eBanking).
log4j:WARN Please initialize the log4j system properly.
log4j:WARN See http://logging.apache.org/log4j/1.2/faq.html#noconfig for more info.
]]></system-err>
  </testcase>
  <testcase name="loginDDT" classname="com.inetbanking.testCases.TC_LoginDDT_002" time="5.496"/>
  <testcase name="loginDDT" classname="com.inetbanking.testCases.TC_LoginDDT_002" time="2.677">
    <failure type="java.lang.AssertionError">java.lang.AssertionError
	at com.inetbanking.testCases.TC_LoginDDT_002.loginDDT(TC_LoginDDT_002.java:26)
</failure>
  </testcase>
  <testcase name="loginDDT" classname="com.inetbanking.testCases.TC_LoginDDT_002" time="2.752">
    <failure type="java.lang.AssertionError">java.lang.AssertionError
	at com.inetbanking.testCases.TC_LoginDDT_002.loginDDT(TC_LoginDDT_002.java:26)
</failure>
  </testcase>
  <testcase name="loginDDT" classname="com.inetbanking.testCases.TC_LoginDDT_002" time="1.955">
    <failure type="java.lang.AssertionError">java.lang.AssertionError
	at com.inetbanking.testCases.TC_LoginDDT_002.loginDDT(TC_LoginDDT_002.java:26)
</failure>
  </testcase>
  <testcase name="loginDDT" classname="com.inetbanking.testCases.TC_LoginDDT_002" time="0.012">
    <failure message="Keys to send should be a not null CharSequence" type="java.lang.IllegalArgumentException">java.lang.IllegalArgumentException: Keys to send should be a not null CharSequence
	at com.inetbanking.testCases.TC_LoginDDT_002.loginDDT(TC_LoginDDT_002.java:17)
</failure>
  </testcase>
  <testcase name="setup" classname="com.inetbanking.testCases.TC_AddNewCustomer_003" time="39.7">
    <failure message="session not created&#10;from disconnected: Unable to receive message from renderer&#10;  (Session info: chrome=89.0.4389.128)&#10;Build info: version: &apos;3.141.59&apos;, revision: &apos;e82be7d358&apos;, time: &apos;2018-11-14T08:17:03&apos;&#10;System info: host: &apos;PC-HP&apos;, ip: &apos;192.168.0.106&apos;, os.name: &apos;Windows 10&apos;, os.arch: &apos;amd64&apos;, os.version: &apos;10.0&apos;, java.version: &apos;15.0.2&apos;&#10;Driver info: driver.version: ChromeDriver&#10;remote stacktrace: Backtrace:&#10;	Ordinal0 [0x0090E7D3+124883]&#10;	Ordinal0 [0x0090E7B1+124849]&#10;	GetHandleVerifier [0x00B58688+193832]&#10;	GetHandleVerifier [0x00B4C137+143319]&#10;	GetHandleVerifier [0x00B4B45E+140030]&#10;	GetHandleVerifier [0x00B4B6E6+140678]&#10;	GetHandleVerifier [0x00B4B025+138949]&#10;	GetHandleVerifier [0x00B50E8C+163116]&#10;	GetHandleVerifier [0x00B4AFE1+138881]&#10;	GetHandleVerifier [0x00B4BD62+142338]&#10;	GetHandleVerifier [0x00B4B45E+140030]&#10;	GetHandleVerifier [0x00B4B6E6+140678]&#10;	GetHandleVerifier [0x00B4B025+138949]&#10;	GetHandleVerifier [0x00B5017C+159772]&#10;	GetHandleVerifier [0x00B4AFE1+138881]&#10;	GetHandleVerifier [0x00B4BD62+142338]&#10;	GetHandleVerifier [0x00B4B45E+140030]&#10;	GetHandleVerifier [0x00B4B6E6+140678]&#10;	GetHandleVerifier [0x00B4B025+138949]&#10;	GetHandleVerifier [0x00B476ED+124301]&#10;	GetHandleVerifier [0x00B4AFE1+138881]&#10;	GetHandleVerifier [0x00B4AE03+138403]&#10;	GetHandleVerifier [0x00B4ABF7+137879]&#10;	GetHandleVerifier [0x00B59930+198608]&#10;	GetHandleVerifier [0x00B95758+443896]&#10;	GetHandleVerifier [0x00B947FC+439964]&#10;	GetHandleVerifier [0x00B9154B+426987]&#10;	GetHandleVerifier [0x00B74FFD+310941]&#10;	GetHandleVerifier [0x00B75D8E+314414]&#10;	GetHandleVerifier [0x00B75D19+314297]&#10;	GetHandleVerifier [0x00C331EC+1089676]&#10;	GetHandleVerifier [0x00C317C9+1082985]&#10;	GetHandleVerifier [0x00C313A3+1081923]&#10;	GetHandleVerifier [0x00D2D9FD+2115741]&#10;	Ordinal0 [0x00A5B82E+1488942]&#10;	Ordinal0 [0x009F5A7D+1071741]&#10;	Ordinal0 [0x009F559B+1070491]&#10;	Ordinal0 [0x009F54B1+1070257]&#10;	Ordinal0 [0x00A2FF53+1310547]&#10;	BaseThreadInitThunk [0x7546FA29+25]&#10;	RtlGetAppContainerNamedObjectPath [0x77607A4E+286]&#10;	RtlGetAppContainerNamedObjectPath [0x77607A1E+238]&#10;" type="org.openqa.selenium.SessionNotCreatedException">org.openqa.selenium.SessionNotCreatedException: 
session not created
from disconnected: Unable to receive message from renderer
  (Session info: chrome=89.0.4389.128)
Build info: version: '3.141.59', revision: 'e82be7d358', time: '2018-11-14T08:17:03'
System info: host: 'PC-HP', ip: '192.168.0.106', os.name: 'Windows 10', os.arch: 'amd64', os.version: '10.0', java.version: '15.0.2'
Driver info: driver.version: ChromeDriver
remote stacktrace: Backtrace:
	Ordinal0 [0x0090E7D3+124883]
	Ordinal0 [0x0090E7B1+124849]
	GetHandleVerifier [0x00B58688+193832]
	GetHandleVerifier [0x00B4C137+143319]
	GetHandleVerifier [0x00B4B45E+140030]
	GetHandleVerifier [0x00B4B6E6+140678]
	GetHandleVerifier [0x00B4B025+138949]
	GetHandleVerifier [0x00B50E8C+163116]
	GetHandleVerifier [0x00B4AFE1+138881]
	GetHandleVerifier [0x00B4BD62+142338]
	GetHandleVerifier [0x00B4B45E+140030]
	GetHandleVerifier [0x00B4B6E6+140678]
	GetHandleVerifier [0x00B4B025+138949]
	GetHandleVerifier [0x00B5017C+159772]
	GetHandleVerifier [0x00B4AFE1+138881]
	GetHandleVerifier [0x00B4BD62+142338]
	GetHandleVerifier [0x00B4B45E+140030]
	GetHandleVerifier [0x00B4B6E6+140678]
	GetHandleVerifier [0x00B4B025+138949]
	GetHandleVerifier [0x00B476ED+124301]
	GetHandleVerifier [0x00B4AFE1+138881]
	GetHandleVerifier [0x00B4AE03+138403]
	GetHandleVerifier [0x00B4ABF7+137879]
	GetHandleVerifier [0x00B59930+198608]
	GetHandleVerifier [0x00B95758+443896]
	GetHandleVerifier [0x00B947FC+439964]
	GetHandleVerifier [0x00B9154B+426987]
	GetHandleVerifier [0x00B74FFD+310941]
	GetHandleVerifier [0x00B75D8E+314414]
	GetHandleVerifier [0x00B75D19+314297]
	GetHandleVerifier [0x00C331EC+1089676]
	GetHandleVerifier [0x00C317C9+1082985]
	GetHandleVerifier [0x00C313A3+1081923]
	GetHandleVerifier [0x00D2D9FD+2115741]
	Ordinal0 [0x00A5B82E+1488942]
	Ordinal0 [0x009F5A7D+1071741]
	Ordinal0 [0x009F559B+1070491]
	Ordinal0 [0x009F54B1+1070257]
	Ordinal0 [0x00A2FF53+1310547]
	BaseThreadInitThunk [0x7546FA29+25]
	RtlGetAppContainerNamedObjectPath [0x77607A4E+286]
	RtlGetAppContainerNamedObjectPath [0x77607A1E+238]

</failure>
    <system-err><![CDATA[Starting ChromeDriver 89.0.4389.23 (61b08ee2c50024bab004e48d2b1b083cdbdac579-refs/branch-heads/4389@{#294}) on port 14697
Only local connections are allowed.
Please see https://chromedriver.chromium.org/security-considerations for suggestions on keeping ChromeDriver safe.
ChromeDriver was started successfully.
[1618732389.760][SEVERE]: Unable to receive message from renderer
]]></system-err>
  </testcase>
  <testcase name="AddNewCustomer" classname="com.inetbanking.testCases.TC_AddNewCustomer_003" time="0">
    <skipped message="session not created&#10;from disconnected: Unable to receive message from renderer&#10;  (Session info: chrome=89.0.4389.128)&#10;Build info: version: &apos;3.141.59&apos;, revision: &apos;e82be7d358&apos;, time: &apos;2018-11-14T08:17:03&apos;&#10;System info: host: &apos;PC-HP&apos;, ip: &apos;192.168.0.106&apos;, os.name: &apos;Windows 10&apos;, os.arch: &apos;amd64&apos;, os.version: &apos;10.0&apos;, java.version: &apos;15.0.2&apos;&#10;Driver info: driver.version: ChromeDriver&#10;remote stacktrace: Backtrace:&#10;	Ordinal0 [0x0090E7D3+124883]&#10;	Ordinal0 [0x0090E7B1+124849]&#10;	GetHandleVerifier [0x00B58688+193832]&#10;	GetHandleVerifier [0x00B4C137+143319]&#10;	GetHandleVerifier [0x00B4B45E+140030]&#10;	GetHandleVerifier [0x00B4B6E6+140678]&#10;	GetHandleVerifier [0x00B4B025+138949]&#10;	GetHandleVerifier [0x00B50E8C+163116]&#10;	GetHandleVerifier [0x00B4AFE1+138881]&#10;	GetHandleVerifier [0x00B4BD62+142338]&#10;	GetHandleVerifier [0x00B4B45E+140030]&#10;	GetHandleVerifier [0x00B4B6E6+140678]&#10;	GetHandleVerifier [0x00B4B025+138949]&#10;	GetHandleVerifier [0x00B5017C+159772]&#10;	GetHandleVerifier [0x00B4AFE1+138881]&#10;	GetHandleVerifier [0x00B4BD62+142338]&#10;	GetHandleVerifier [0x00B4B45E+140030]&#10;	GetHandleVerifier [0x00B4B6E6+140678]&#10;	GetHandleVerifier [0x00B4B025+138949]&#10;	GetHandleVerifier [0x00B476ED+124301]&#10;	GetHandleVerifier [0x00B4AFE1+138881]&#10;	GetHandleVerifier [0x00B4AE03+138403]&#10;	GetHandleVerifier [0x00B4ABF7+137879]&#10;	GetHandleVerifier [0x00B59930+198608]&#10;	GetHandleVerifier [0x00B95758+443896]&#10;	GetHandleVerifier [0x00B947FC+439964]&#10;	GetHandleVerifier [0x00B9154B+426987]&#10;	GetHandleVerifier [0x00B74FFD+310941]&#10;	GetHandleVerifier [0x00B75D8E+314414]&#10;	GetHandleVerifier [0x00B75D19+314297]&#10;	GetHandleVerifier [0x00C331EC+1089676]&#10;	GetHandleVerifier [0x00C317C9+1082985]&#10;	GetHandleVerifier [0x00C313A3+1081923]&#10;	GetHandleVerifier [0x00D2D9FD+2115741]&#10;	Ordinal0 [0x00A5B82E+1488942]&#10;	Ordinal0 [0x009F5A7D+1071741]&#10;	Ordinal0 [0x009F559B+1070491]&#10;	Ordinal0 [0x009F54B1+1070257]&#10;	Ordinal0 [0x00A2FF53+1310547]&#10;	BaseThreadInitThunk [0x7546FA29+25]&#10;	RtlGetAppContainerNamedObjectPath [0x77607A4E+286]&#10;	RtlGetAppContainerNamedObjectPath [0x77607A1E+238]&#10;"/>
  </testcase>
  <testcase name="tearDown" classname="com.inetbanking.testCases.TC_AddNewCustomer_003" time="0">
    <skipped/>
  </testcase>
  <testcase name="setup" classname="com.inetbanking.testCases.TC_UpdateCustomer_004" time="1,117.26">
    <failure message="timeout: Timed out receiving message from renderer: 297.778&#10;  (Session info: chrome=89.0.4389.128)&#10;Build info: version: &apos;3.141.59&apos;, revision: &apos;e82be7d358&apos;, time: &apos;2018-11-14T08:17:03&apos;&#10;System info: host: &apos;PC-HP&apos;, ip: &apos;192.168.0.106&apos;, os.name: &apos;Windows 10&apos;, os.arch: &apos;amd64&apos;, os.version: &apos;10.0&apos;, java.version: &apos;15.0.2&apos;&#10;Driver info: org.openqa.selenium.chrome.ChromeDriver&#10;Capabilities {acceptInsecureCerts: false, browserName: chrome, browserVersion: 89.0.4389.128, chrome: {chromedriverVersion: 89.0.4389.23 (61b08ee2c5002..., userDataDir: C:\WINDOWS\TEMP\scoped_dir4...}, goog:chromeOptions: {debuggerAddress: localhost:3721}, javascriptEnabled: true, networkConnectionEnabled: false, pageLoadStrategy: normal, platform: WINDOWS, platformName: WINDOWS, proxy: Proxy(), setWindowRect: true, strictFileInteractability: false, timeouts: {implicit: 0, pageLoad: 300000, script: 30000}, unhandledPromptBehavior: dismiss and notify, webauthn:extension:largeBlob: true, webauthn:virtualAuthenticators: true}&#10;Session ID: ca40d115f89a3699d2491ac603ed708b" type="org.openqa.selenium.TimeoutException">org.openqa.selenium.TimeoutException: 
timeout: Timed out receiving message from renderer: 297.778
  (Session info: chrome=89.0.4389.128)
Build info: version: '3.141.59', revision: 'e82be7d358', time: '2018-11-14T08:17:03'
System info: host: 'PC-HP', ip: '192.168.0.106', os.name: 'Windows 10', os.arch: 'amd64', os.version: '10.0', java.version: '15.0.2'
Driver info: org.openqa.selenium.chrome.ChromeDriver
Capabilities {acceptInsecureCerts: false, browserName: chrome, browserVersion: 89.0.4389.128, chrome: {chromedriverVersion: 89.0.4389.23 (61b08ee2c5002..., userDataDir: C:\WINDOWS\TEMP\scoped_dir4...}, goog:chromeOptions: {debuggerAddress: localhost:3721}, javascriptEnabled: true, networkConnectionEnabled: false, pageLoadStrategy: normal, platform: WINDOWS, platformName: WINDOWS, proxy: Proxy(), setWindowRect: true, strictFileInteractability: false, timeouts: {implicit: 0, pageLoad: 300000, script: 30000}, unhandledPromptBehavior: dismiss and notify, webauthn:extension:largeBlob: true, webauthn:virtualAuthenticators: true}
Session ID: ca40d115f89a3699d2491ac603ed708b
</failure>
    <system-err><![CDATA[Starting ChromeDriver 89.0.4389.23 (61b08ee2c50024bab004e48d2b1b083cdbdac579-refs/branch-heads/4389@{#294}) on port 29245
Only local connections are allowed.
Please see https://chromedriver.chromium.org/security-considerations for suggestions on keeping ChromeDriver safe.
ChromeDriver was started successfully.
Apr 18, 2021 1:23:12 PM org.openqa.selenium.remote.ProtocolHandshake createSession
INFO: Detected dialect: W3C
[1618733507.050][SEVERE]: Timed out receiving message from renderer: 297.778
[1618733507.068][SEVERE]: Timed out receiving message from renderer: 297.778
]]></system-err>
  </testcase>
  <testcase name="updateCustomer" classname="com.inetbanking.testCases.TC_UpdateCustomer_004" time="0">
    <skipped message="timeout: Timed out receiving message from renderer: 297.778&#10;  (Session info: chrome=89.0.4389.128)&#10;Build info: version: &apos;3.141.59&apos;, revision: &apos;e82be7d358&apos;, time: &apos;2018-11-14T08:17:03&apos;&#10;System info: host: &apos;PC-HP&apos;, ip: &apos;192.168.0.106&apos;, os.name: &apos;Windows 10&apos;, os.arch: &apos;amd64&apos;, os.version: &apos;10.0&apos;, java.version: &apos;15.0.2&apos;&#10;Driver info: org.openqa.selenium.chrome.ChromeDriver&#10;Capabilities {acceptInsecureCerts: false, browserName: chrome, browserVersion: 89.0.4389.128, chrome: {chromedriverVersion: 89.0.4389.23 (61b08ee2c5002..., userDataDir: C:\WINDOWS\TEMP\scoped_dir4...}, goog:chromeOptions: {debuggerAddress: localhost:3721}, javascriptEnabled: true, networkConnectionEnabled: false, pageLoadStrategy: normal, platform: WINDOWS, platformName: WINDOWS, proxy: Proxy(), setWindowRect: true, strictFileInteractability: false, timeouts: {implicit: 0, pageLoad: 300000, script: 30000}, unhandledPromptBehavior: dismiss and notify, webauthn:extension:largeBlob: true, webauthn:virtualAuthenticators: true}&#10;Session ID: ca40d115f89a3699d2491ac603ed708b"/>
  </testcase>
  <testcase name="tearDown" classname="com.inetbanking.testCases.TC_UpdateCustomer_004" time="0">
    <skipped/>
  </testcase>
</testsuite>